compile_linux.sh: line 1: !/us/bin/bash: No such file or directory
Doing `require 'backports'` is deprecated and will not load any backport in the next major release.
Require just the needed backports instead, or 'backports/latest'.
Configuration file: /home/sunyu/Nut/Blogs/syjyjk.github.io/docs/_config.yml
            Source: /home/sunyu/Nut/Blogs/syjyjk.github.io/docs
       Destination: /home/sunyu/Nut/Blogs/syjyjk.github.io/docs/_site
 Incremental build: disabled. Enable with --incremental
      Generating... 
       Jekyll Feed: Generating feed for posts
                    done in 0.188 seconds.
/home/sunyu/gems/gems/pathutil-0.16.2/lib/pathutil.rb:502: warning: Using the last argument as keyword parameters is deprecated
 Auto-regeneration: enabled for '/home/sunyu/Nut/Blogs/syjyjk.github.io/docs'
jekyll 3.9.0 | Error:  Address already in use - bind(2) for 127.0.0.1:4000
/usr/lib/ruby/2.7.0/socket.rb:201:in `bind': Address already in use - bind(2) for 127.0.0.1:4000 (Errno::EADDRINUSE)
	from /usr/lib/ruby/2.7.0/socket.rb:201:in `listen'
	from /usr/lib/ruby/2.7.0/socket.rb:765:in `block in tcp_server_sockets'
	from /usr/lib/ruby/2.7.0/socket.rb:227:in `each'
	from /usr/lib/ruby/2.7.0/socket.rb:227:in `foreach'
	from /usr/lib/ruby/2.7.0/socket.rb:763:in `tcp_server_sockets'
	from /home/sunyu/gems/gems/webrick-1.7.0/lib/webrick/utils.rb:60:in `create_listeners'
	from /home/sunyu/gems/gems/webrick-1.7.0/lib/webrick/server.rb:130:in `listen'
	from /home/sunyu/gems/gems/webrick-1.7.0/lib/webrick/server.rb:111:in `initialize'
	from /home/sunyu/gems/gems/webrick-1.7.0/lib/webrick/httpserver.rb:47:in `initialize'
	from /home/sunyu/gems/gems/jekyll-admin-0.11.0/lib/jekyll/commands/serve.rb:12:in `new'
	from /home/sunyu/gems/gems/jekyll-admin-0.11.0/lib/jekyll/commands/serve.rb:12:in `start_up_webrick'
	from /home/sunyu/gems/gems/jekyll-3.9.0/lib/jekyll/commands/serve.rb:104:in `process'
	from /home/sunyu/gems/gems/jekyll-3.9.0/lib/jekyll/commands/serve.rb:93:in `block in start'
	from /home/sunyu/gems/gems/jekyll-3.9.0/lib/jekyll/commands/serve.rb:93:in `each'
	from /home/sunyu/gems/gems/jekyll-3.9.0/lib/jekyll/commands/serve.rb:93:in `start'
	from /home/sunyu/gems/gems/jekyll-3.9.0/lib/jekyll/commands/serve.rb:75:in `block (2 levels) in init_with_program'
	from /home/sunyu/gems/gems/mercenary-0.3.6/lib/mercenary/command.rb:220:in `block in execute'
	from /home/sunyu/gems/gems/mercenary-0.3.6/lib/mercenary/command.rb:220:in `each'
	from /home/sunyu/gems/gems/mercenary-0.3.6/lib/mercenary/command.rb:220:in `execute'
	from /home/sunyu/gems/gems/mercenary-0.3.6/lib/mercenary/program.rb:42:in `go'
	from /home/sunyu/gems/gems/mercenary-0.3.6/lib/mercenary.rb:19:in `program'
	from /home/sunyu/gems/gems/jekyll-3.9.0/exe/jekyll:15:in `<top (required)>'
	from /home/sunyu/gems/bin/jekyll:25:in `load'
	from /home/sunyu/gems/bin/jekyll:25:in `<top (required)>'
	from /home/sunyu/gems/gems/bundler-2.3.12/lib/bundler/cli/exec.rb:58:in `load'
	from /home/sunyu/gems/gems/bundler-2.3.12/lib/bundler/cli/exec.rb:58:in `kernel_load'
	from /home/sunyu/gems/gems/bundler-2.3.12/lib/bundler/cli/exec.rb:23:in `run'
	from /home/sunyu/gems/gems/bundler-2.3.12/lib/bundler/cli.rb:483:in `exec'
	from /home/sunyu/gems/gems/bundler-2.3.12/lib/bundler/vendor/thor/lib/thor/command.rb:27:in `run'
	from /home/sunyu/gems/gems/bundler-2.3.12/lib/bundler/vendor/thor/lib/thor/invocation.rb:127:in `invoke_command'
	from /home/sunyu/gems/gems/bundler-2.3.12/lib/bundler/vendor/thor/lib/thor.rb:392:in `dispatch'
	from /home/sunyu/gems/gems/bundler-2.3.12/lib/bundler/cli.rb:31:in `dispatch'
	from /home/sunyu/gems/gems/bundler-2.3.12/lib/bundler/vendor/thor/lib/thor/base.rb:485:in `start'
	from /home/sunyu/gems/gems/bundler-2.3.12/lib/bundler/cli.rb:25:in `start'
	from /home/sunyu/gems/gems/bundler-2.3.12/exe/bundle:48:in `block in <top (required)>'
	from /home/sunyu/gems/gems/bundler-2.3.12/lib/bundler/friendly_errors.rb:103:in `with_friendly_errors'
	from /home/sunyu/gems/gems/bundler-2.3.12/exe/bundle:36:in `<top (required)>'
	from /home/sunyu/gems/bin/bundle:25:in `load'
	from /home/sunyu/gems/bin/bundle:25:in `<main>'
